[2026-03-23 05:48:03] 
========== 釣り具日次巡回 開始 ==========
[2026-03-23 05:48:04] カテゴリ: fishing / リスト: soldout
[2026-03-23 05:48:04] 既知ID: 209件
[2026-03-23 05:48:04] 既存Chromeに接続
[2026-03-23 05:48:07] ログイン済み
[2026-03-23 05:48:07] ページ取得: https://sedori-assist-pro.com/offmoal/new_item/soldout_check?category=fishing
[2026-03-23 05:48:10] 総件数: null件 / 13ページ
[2026-03-23 05:48:10]   ページ 1/13: 18件
[2026-03-23 05:48:13]   ページ 2/13: 18件
[2026-03-23 05:48:16]   ページ 3/13: 18件
[2026-03-23 05:48:19]   ページ 4/13: 18件
[2026-03-23 05:48:22]   ページ 5/13: 18件
[2026-03-23 05:48:25]   ページ 6/13: 18件
[2026-03-23 05:48:28]   ページ 7/13: 18件
[2026-03-23 05:48:31]   ページ 8/13: 18件
[2026-03-23 05:48:34]   ページ 9/13: 18件
[2026-03-23 05:48:37]   ページ 10/13: 18件
[2026-03-23 05:48:40]   ページ 11/13: 18件
[2026-03-23 05:48:43]   ページ 12/13: 18件
[2026-03-23 05:48:46]   ページ 13/13: 8件
[2026-03-23 05:48:46] 取得完了: 210件
[2026-03-23 05:48:46] 新規: 1件（既知スキップ: 209件）
[2026-03-23 05:48:46] 検索対象: 0件（汎用名除外: 1件）
[2026-03-23 05:48:46] 判定完了: 登録0件 / スキップ0件 / 登録OK0件 / 要手動0件
[2026-03-23 05:48:47] ========== 完了 ==========

[2026-03-25 00:16:29] 
========== 日次巡回 開始 ==========
[2026-03-25 00:16:29] カテゴリ: fishing / リスト: soldout
[2026-03-25 00:16:29] 既知ID: 210件
[2026-03-25 00:16:29] Chrome起動中...
[2026-03-25 00:16:36] ログイン済み
[2026-03-25 00:16:36] ページ取得: https://sedori-assist-pro.com/offmoal/new_item/soldout_check?category=fishing
[2026-03-25 00:16:40] 総件数: null件 / 13ページ
[2026-03-25 00:16:40]   ページ 1/13: 18件
[2026-03-25 00:16:43]   ページ 2/13: 18件
[2026-03-25 00:16:46]   ページ 3/13: 18件
[2026-03-25 00:16:49]   ページ 4/13: 18件
[2026-03-25 00:16:52]   ページ 5/13: 18件
[2026-03-25 00:16:55]   ページ 6/13: 18件
[2026-03-25 00:16:58]   ページ 7/13: 18件
[2026-03-25 00:17:01]   ページ 8/13: 18件
[2026-03-25 00:17:04]   ページ 9/13: 18件
[2026-03-25 00:17:07]   ページ 10/13: 18件
[2026-03-25 00:17:10]   ページ 11/13: 18件
[2026-03-25 00:17:14]   ページ 12/13: 18件
[2026-03-25 00:17:17]   ページ 13/13: 10件
[2026-03-25 00:17:17] 取得完了: 212件
[2026-03-25 00:17:17] 新規: 2件（既知スキップ: 210件）
[2026-03-25 00:17:17] オフモール詳細取得: 2件
[2026-03-25 00:17:18] オフモール詳細完了: 成功2件 / 失敗0件
[2026-03-25 00:17:18] 検索対象: 2件（キーワード抽出不可: 0件）
[2026-03-25 00:17:20] 判定完了: 登録2件 / スキップ0件 / 登録OK1件 / 要手動1件
[2026-03-25 00:17:20] CSV(登録OK): C:\Users\user\ai-skills\data\fishing-daily\登録OK_2026-03-25.csv
[2026-03-25 00:17:20] CSV(要手動): C:\Users\user\ai-skills\data\fishing-daily\要手動_2026-03-25.csv
[2026-03-25 00:17:21] Discord送信完了
[2026-03-25 00:17:21] ========== 完了 ==========

[2026-03-25 02:39:07] 
========== 日次巡回 開始 ==========
[2026-03-25 02:39:07] カテゴリ: fishing / リスト: soldout
[2026-03-25 02:39:07] 既知ID: 0件
[2026-03-25 02:39:08] 既存Chromeに接続
[2026-03-25 02:39:11] ログイン済み
[2026-03-25 02:39:11] ページ取得: https://sedori-assist-pro.com/offmoal/new_item/soldout_check?category=fishing
[2026-03-25 02:39:14] 総件数: null件 / 13ページ
[2026-03-25 02:39:14]   ページ 1/13: 18件
[2026-03-25 02:39:17]   ページ 2/13: 18件
[2026-03-25 02:39:20]   ページ 3/13: 18件
[2026-03-25 02:39:23]   ページ 4/13: 18件
[2026-03-25 02:39:26]   ページ 5/13: 18件
[2026-03-25 02:39:29]   ページ 6/13: 18件
[2026-03-25 02:39:32]   ページ 7/13: 18件
[2026-03-25 02:39:35]   ページ 8/13: 18件
[2026-03-25 02:39:38]   ページ 9/13: 18件
[2026-03-25 02:39:41]   ページ 10/13: 18件
[2026-03-25 02:39:44]   ページ 11/13: 18件
[2026-03-25 02:39:47]   ページ 12/13: 18件
[2026-03-25 02:39:50]   ページ 13/13: 10件
[2026-03-25 02:39:50] 取得完了: 212件
[2026-03-25 02:39:50] 新規: 212件（既知スキップ: 0件）
[2026-03-25 02:39:50] オフモール詳細取得: 212件
[2026-03-25 02:40:14]   20/212 取得済み（成功:17 失敗:4）
[2026-03-25 02:40:36]   40/212 取得済み（成功:19 失敗:22）
[2026-03-25 02:40:58]   60/212 取得済み（成功:20 失敗:41）
[2026-03-25 02:41:20]   80/212 取得済み（成功:20 失敗:61）
[2026-03-25 02:42:02]   100/212 取得済み（成功:20 失敗:81）
[2026-03-25 02:42:24]   120/212 取得済み（成功:20 失敗:101）
[2026-03-25 02:42:46]   140/212 取得済み（成功:21 失敗:120）
[2026-03-25 02:43:10]   160/212 取得済み（成功:40 失敗:121）
[2026-03-25 02:43:33]   180/212 取得済み（成功:55 失敗:126）
[2026-03-25 02:43:56]   200/212 取得済み（成功:68 失敗:133）
[2026-03-25 02:44:09] オフモール詳細完了: 成功76件 / 失敗136件
[2026-03-25 02:44:09] 検索対象: 201件（キーワード抽出不可: 11件）
[2026-03-25 02:49:37] 判定完了: 登録99件 / スキップ102件 / 登録OK74件 / 要手動25件
[2026-03-25 02:49:37] CSV(登録OK): C:\Users\user\ai-skills\data\fishing-daily\登録OK_2026-03-25.csv
[2026-03-25 02:49:37] CSV(要手動): C:\Users\user\ai-skills\data\fishing-daily\要手動_2026-03-25.csv
[2026-03-25 02:49:38] Discord送信完了
[2026-03-25 02:49:38] ========== 完了 ==========

[2026-03-25 03:12:55] 
========== 日次巡回 開始 ==========
[2026-03-25 03:12:55] カテゴリ: fishing / リスト: soldout
[2026-03-25 03:12:55] 既知ID: 0件
[2026-03-25 03:12:55] 既存Chromeに接続
[2026-03-25 03:13:00] ログイン済み
[2026-03-25 03:13:00] ページ取得: https://sedori-assist-pro.com/offmoal/new_item/soldout_check?category=fishing
[2026-03-25 03:13:04] 総件数: null件 / 13ページ
[2026-03-25 03:13:04]   ページ 1/13: 18件
[2026-03-25 03:13:07]   ページ 2/13: 18件
[2026-03-25 03:13:10]   ページ 3/13: 18件
[2026-03-25 03:13:13]   ページ 4/13: 18件
[2026-03-25 03:13:16]   ページ 5/13: 18件
[2026-03-25 03:13:19]   ページ 6/13: 18件
[2026-03-25 03:13:23]   ページ 7/13: 0件
[2026-03-25 03:13:23]   ページ 8 ボタンなし、中断
[2026-03-25 03:13:23] 取得完了: 106件
[2026-03-25 03:13:23] 新規: 106件（既知スキップ: 0件）
[2026-03-25 03:13:23] オフモール詳細取得: 106件
[2026-03-25 03:13:47]   20/106 取得済み（成功:17 失敗:4）
[2026-03-25 03:14:13]   40/106 取得済み（成功:19 失敗:22）
[2026-03-25 03:14:38]   60/106 取得済み（成功:20 失敗:41）
[2026-03-25 03:15:03]   80/106 取得済み（成功:20 失敗:61）
[2026-03-25 03:15:37]   100/106 取得済み（成功:20 失敗:81）
[2026-03-25 03:15:45] オフモール詳細完了: 成功20件 / 失敗86件
[2026-03-25 03:15:45] 検索対象: 68件（キーワード抽出不可: 38件）
[2026-03-25 03:17:47] 判定完了: 登録36件 / スキップ32件 / 登録OK23件 / 要手動13件
[2026-03-25 03:17:47] CSV(登録OK): C:\Users\user\ai-skills\data\fishing-daily\登録OK_2026-03-25.csv
[2026-03-25 03:17:47] CSV(要手動): C:\Users\user\ai-skills\data\fishing-daily\要手動_2026-03-25.csv
[2026-03-25 03:17:47] Discord送信完了
[2026-03-25 03:17:47] ========== 完了 ==========

[2026-03-25 04:25:34] 
========== 日次巡回 開始 ==========
[2026-03-25 04:25:34] カテゴリ: fishing / リスト: soldout
[2026-03-25 04:25:34] 既知ID: 106件
[2026-03-25 04:25:34] 既存Chromeに接続
[2026-03-25 04:25:37] ログイン済み
[2026-03-25 04:25:37] ページ取得: https://sedori-assist-pro.com/offmoal/new_item/soldout_check?category=fishing
[2026-03-25 04:25:40] 総件数: null件 / 13ページ
[2026-03-25 04:25:40]   ページ 1/13: 18件
[2026-03-25 04:25:43]   ページ 2/13: 18件
[2026-03-25 04:25:46]   ページ 3/13: 18件
[2026-03-25 04:25:49]   ページ 4/13: 18件
[2026-03-25 04:25:52]   ページ 5/13: 18件
[2026-03-25 04:25:55]   ページ 6/13: 18件
[2026-03-25 04:25:58]   ページ 7/13: 18件
[2026-03-25 04:26:01]   ページ 8/13: 18件
[2026-03-25 04:26:04]   ページ 9/13: 18件
[2026-03-25 04:26:08]   ページ 10/13: 18件
[2026-03-25 04:26:11]   ページ 11/13: 18件
[2026-03-25 04:26:14]   ページ 12/13: 18件
[2026-03-25 04:26:17]   ページ 13/13: 10件
[2026-03-25 04:26:17] 取得完了: 212件
[2026-03-25 04:26:17] 新規: 106件（既知スキップ: 106件）
[2026-03-25 04:26:17] オフモール詳細取得: 106件
[2026-03-25 04:26:39]   20/106 取得済み（成功:0 失敗:21）
[2026-03-25 04:27:02]   40/106 取得済み（成功:7 失敗:34）
[2026-03-25 04:27:26]   60/106 取得済み（成功:25 失敗:36）
[2026-03-25 04:27:50]   80/106 取得済み（成功:40 失敗:41）
[2026-03-25 04:28:14]   100/106 取得済み（成功:52 失敗:49）
[2026-03-25 04:28:20] オフモール詳細完了: 成功56件 / 失敗50件
[2026-03-25 04:28:20] 検索対象: 83件（キーワード抽出不可: 23件）
[2026-03-25 04:30:37] 判定完了: 登録44件 / スキップ39件
[2026-03-25 04:30:39]   ✓ 登録: SHIMANO ヴァンフォードC3000XG
[2026-03-25 04:30:40]   ✓ 登録: TOMOKAN
[2026-03-25 04:30:40]   ✓ 登録: MAZUME MZRS-461
[2026-03-25 04:30:41]   ✓ 登録: SHIMANO 20STELLA SW 4000XG
[2026-03-25 04:30:42]   ✓ 登録: MAZUME ゲームウェーダー サーフマニア
[2026-03-25 04:30:43]   ✓ 登録: SHIMANO BANTAM200
[2026-03-25 04:30:44]   ✓ 登録: DAIWA LEOBRITZ 200J
[2026-03-25 04:30:44]   ✓ 登録: がまかつ がま磯 グレスペシャル G-TUNE 1-53
[2026-03-25 04:30:45]   ✓ 登録: DAIWA エメラルダス MX 86ML-S・N （）
[2026-03-25 04:30:46]   ✓ 登録: DAIWA AIRITY2000
[2026-03-25 04:30:47]   ✓ 登録: DAIWA IMPULT 3000SH-LBD
[2026-03-25 04:30:48]   ✓ 登録: DAIWA CASTIZM
[2026-03-25 04:30:48]   ✓ 登録: ABU GARCIA KX100
[2026-03-25 04:30:49]   ✓ 登録: SMITH MARRYAT CMR 34
[2026-03-25 04:30:50]   ✓ 登録: ABUGARCLA MORRUM M3600C
[2026-03-25 04:30:51]   ✓ 登録: TAILWALK RIZE SHOOTER SSD S100M
[2026-03-25 04:30:52]   ✓ 登録: DAIWA LEADING MG73 H-225MT
[2026-03-25 04:30:52]   ✓ 登録: JACKSON OCEAN GATE JOG-1000MH-KSJ
[2026-03-25 04:30:53]   ✓ 登録: SHIMANO DIALUNA XR B806ML
[2026-03-25 04:30:54]   ✓ 登録: ALPHA TACKLE CRAZEE SHORE JIG GAME 1002H
[2026-03-25 04:30:55]   ✓ 登録: JACKSON OCEAN GATE JOG-1000MH-K SJ
[2026-03-25 04:30:56]   ✓ 登録: APIA FOOJIN BLACK LINE 97M
[2026-03-25 04:30:56]   ✓ 登録: HOUSE OF HARDY THE FLYWEIGHT
[2026-03-25 04:30:57]   ✓ 登録: SHIMANO EXPRIDE 259SUL-S
[2026-03-25 04:30:58]   ✓ 登録: DAIWA HL-Z 631MHRB-TI
[2026-03-25 04:30:59]   ✓ 登録: TAILWALK FULLRANGE C511L
[2026-03-25 04:31:00]   ✓ 登録: SIMANO&amp;JACKALL 1610M
[2026-03-25 04:31:01]   ✓ 登録: SONIK フライフィッシング
[2026-03-25 04:31:01]   ✓ 登録: 稲村製作所 RODDY 1000R
[2026-03-25 04:31:02]   ✓ 登録: ZEBCO SPINNER 777
[2026-03-25 04:31:03]   ✓ 登録: YAMAGA BLANKS EARLY 109MMH
[2026-03-25 04:31:04]   ✓ 登録: PALMS 05CORALSTAR TUNA CLASS CTNS-90
[2026-03-25 04:31:05]   ✓ 登録: MEGABASS MEGADOG(SP-C)KONOSHIRO RUSHER
[2026-03-25 04:31:05]   ✓ 登録: SHIMANO 飛天弓 閃光R 19尺
[2026-03-25 04:31:06]   ✓ 登録: SHIMANO 22SOARE BB C2000SSPG
[2026-03-25 04:31:07]   ✓ 登録: SHIMANO(シマノ) VANQUISH 1000SSSPG-B
[2026-03-25 04:31:08]   ✓ 登録: SHIMANO 04 STELLA 2500SDH
[2026-03-25 04:31:09]   ✓ 登録: SHIMANO 11 CALCUTTA CONQUEST 50DC
[2026-03-25 04:31:09]   ✓ 登録: DAIWA DW-1925
[2026-03-25 04:31:10]   ✓ 登録: DAIWA BJ75D
[2026-03-25 04:31:11]   ✓ 登録: ECLIPSE VARIANT REXEATER 107MM
[2026-03-25 04:31:12]   ✓ 登録: SHIMANO EXSENCE S1100MH/R
[2026-03-25 04:31:13]   ✓ 登録: SAGE DS2 590 GRAPHITE Ⅱ
[2026-03-25 04:31:13]   ✓ 登録: DAIWA LT-2500S-XH-QD
[2026-03-25 04:31:14] API登録完了: 新規44件 / 重複スキップ0件 / 失敗0件
[2026-03-25 04:31:14] ========== 完了 ==========

